{
"/home/andela/Documents/inverted-index-api/src/InvertedIndex.js":{"path":"/home/andela/Documents/inverted-index-api/src/InvertedIndex.js","s":{"20":1,"21":1,"23":1,"26":1,"27":1,"28":1,"29":1,"30":1,"31":1,"32":2,"33":1,"34":1,"35":0,"36":1,"37":0,"38":1,"39":0,"40":0,"41":0,"42":0,"43":0,"44":0,"45":0,"46":0,"47":0,"48":0,"49":0,"50":0,"51":0,"52":0,"53":0,"54":0,"55":0,"56":0,"57":0,"58":0,"59":0,"60":0,"61":0,"62":0,"63":0,"64":0,"65":1,"66":1,"67":1,"68":1,"69":0,"70":1,"71":1,"72":0,"73":1,"75":1},"f":{"6":1,"7":1,"8":1,"9":2,"10":0,"11":0,"12":0,"13":1,"14":1,"15":1,"16":1},"l":{"4":1,"9":1,"10":1,"19":1,"20":1,"22":1,"23":1,"24":1,"25":1,"26":2,"27":1,"28":1,"29":0,"32":1,"37":0,"39":1,"47":1,"56":1,"57":1,"58":1,"59":0,"62":1,"70":1,"71":0,"73":1,"81":0,"82":0,"83":0,"84":0,"85":0,"86":0,"87":0,"88":0,"89":0,"90":0,"91":0,"95":0,"96":0,"97":0,"98":0,"99":0,"100":0,"101":0,"102":0,"104":0,"105":0,"112":0,"113":0,"114":0,"117":0,"122":1},"b":{"6":[1,0],"7":[1,1],"8":[1,1],"9":[0,1],"10":[0,0],"11":[0,0],"12":[0,0],"13":[0,0],"14":[0,0],"15":[0,1],"16":[0,1]},"statementMap":{"20":{"start":{"line":4,"column":7},"end":{"line":null,"column":null}},"21":{"start":{"line":9,"column":17},"end":{"line":null,"column":null}},"23":{"start":{"line":10,"column":10},"end":{"line":null,"column":null}},"26":{"start":{"line":19,"column":11},"end":{"line":null,"column":null}},"27":{"start":{"line":20,"column":9},"end":{"line":null,"column":null}},"28":{"start":{"line":22,"column":19},"end":{"line":null,"column":null}},"29":{"start":{"line":23,"column":15},"end":{"line":null,"column":null}},"30":{"start":{"line":24,"column":15},"end":{"line":null,"column":null}},"31":{"start":{"line":25,"column":19},"end":{"line":null,"column":null}},"32":{"start":{"line":26,"column":15},"end":{"line":null,"column":null}},"33":{"start":{"line":27,"column":19},"end":{"line":null,"column":null}},"34":{"start":{"line":28,"column":17},"end":{"line":null,"column":null}},"35":{"start":{"line":29,"column":23},"end":{"line":null,"column":null}},"36":{"start":{"line":32,"column":21},"end":{"line":null,"column":null}},"37":{"start":{"line":37,"column":14},"end":{"line":null,"column":null}},"38":{"start":{"line":39,"column":12},"end":{"line":null,"column":null}},"39":{"start":{"line":82,"column":11},"end":{"line":null,"column":null}},"40":{"start":{"line":83,"column":9},"end":{"line":null,"column":null}},"41":{"start":{"line":81,"column":31},"end":{"line":null,"column":null}},"42":{"start":{"line":81,"column":38},"end":{"line":null,"column":null}},"43":{"start":{"line":84,"column":9},"end":{"line":null,"column":null}},"44":{"start":{"line":85,"column":11},"end":{"line":84,"column":29}},"45":{"start":{"line":86,"column":20},"end":{"line":84,"column":29}},"46":{"start":{"line":87,"column":13},"end":{"line":null,"column":null}},"47":{"start":{"line":88,"column":18},"end":{"line":null,"column":null}},"48":{"start":{"line":89,"column":14},"end":{"line":null,"column":null}},"49":{"start":{"line":90,"column":15},"end":{"line":null,"column":null}},"50":{"start":{"line":91,"column":23},"end":{"line":90,"column":47}},"51":{"start":{"line":95,"column":12},"end":{"line":null,"column":null}},"52":{"start":{"line":96,"column":17},"end":{"line":null,"column":null}},"53":{"start":{"line":97,"column":13},"end":{"line":null,"column":null}},"54":{"start":{"line":98,"column":12},"end":{"line":null,"column":null}},"55":{"start":{"line":99,"column":13},"end":{"line":null,"column":null}},"56":{"start":{"line":100,"column":22},"end":{"line":null,"column":null}},"57":{"start":{"line":101,"column":14},"end":{"line":null,"column":null}},"58":{"start":{"line":102,"column":16},"end":{"line":null,"column":null}},"59":{"start":{"line":104,"column":17},"end":{"line":null,"column":null}},"60":{"start":{"line":105,"column":25},"end":{"line":null,"column":null}},"61":{"start":{"line":112,"column":9},"end":{"line":null,"column":null}},"62":{"start":{"line":113,"column":17},"end":{"line":null,"column":null}},"63":{"start":{"line":114,"column":17},"end":{"line":null,"column":null}},"64":{"start":{"line":117,"column":14},"end":{"line":null,"column":null}},"65":{"start":{"line":47,"column":12},"end":{"line":46,"column":25}},"66":{"start":{"line":56,"column":9},"end":{"line":null,"column":null}},"67":{"start":{"line":57,"column":17},"end":{"line":null,"column":null}},"68":{"start":{"line":58,"column":11},"end":{"line":null,"column":null}},"69":{"start":{"line":59,"column":18},"end":{"line":null,"column":null}},"70":{"start":{"line":62,"column":12},"end":{"line":null,"column":null}},"71":{"start":{"line":70,"column":9},"end":{"line":null,"column":null}},"72":{"start":{"line":71,"column":14},"end":{"line":null,"column":null}},"73":{"start":{"line":73,"column":12},"end":{"line":null,"column":null}},"75":{"start":{"line":122,"column":16},"end":{"line":null,"column":null}}},"fnMap":{"6":{"name":"InvertedIndex","line":9,"loc":{"start":{"line":9,"column":17},"end":{"line":9,"column":17}}},"7":{"name":"createIndex","line":18,"loc":{"start":{"line":18,"column":15},"end":{"line":18,"column":38}}},"8":{"name":"(anonymous_8)","line":22,"loc":{"start":{"line":22,"column":27},"end":{"line":22,"column":47}}},"9":{"name":"(anonymous_9)","line":25,"loc":{"start":{"line":25,"column":27},"end":{"line":25,"column":38}}},"10":{"name":"searchIndex","line":81,"loc":{"start":{"line":81,"column":15},"end":{"line":81,"column":38}}},"11":{"name":"(anonymous_11)","line":88,"loc":{"start":{"line":88,"column":26},"end":{"line":88,"column":39}}},"12":{"name":"(anonymous_12)","line":113,"loc":{"start":{"line":113,"column":25},"end":{"line":113,"column":35}}},"13":{"name":"getToken","line":46,"loc":{"start":{"line":46,"column":19},"end":{"line":46,"column":25}}},"14":{"name":"invalidFile","line":55,"loc":{"start":{"line":55,"column":22},"end":{"line":55,"column":35}}},"15":{"name":"(anonymous_15)","line":57,"loc":{"start":{"line":57,"column":25},"end":{"line":57,"column":38}}},"16":{"name":"emptyArray","line":69,"loc":{"start":{"line":69,"column":21},"end":{"line":69,"column":34}}}},"branchMap":{"6":{"line":20,"type":"if","locations":[{"start":{"line":20,"column":9},"end":{"line":20,"column":9}},{"start":{"line":20,"column":9},"end":{"line":20,"column":9}}]},"7":{"line":20,"type":"binary-expr","locations":[{"start":{"line":20,"column":9},"end":{"line":20,"column":9}},{"start":{"line":21,"column":4},"end":{"line":20,"column":5}}]},"8":{"line":26,"type":"if","locations":[{"start":{"line":26,"column":15},"end":{"line":26,"column":15}},{"start":{"line":26,"column":15},"end":{"line":26,"column":15}}]},"9":{"line":28,"type":"if","locations":[{"start":{"line":28,"column":17},"end":{"line":28,"column":17}},{"start":{"line":28,"column":17},"end":{"line":28,"column":17}}]},"10":{"line":84,"type":"if","locations":[{"start":{"line":84,"column":9},"end":{"line":84,"column":9}},{"start":{"line":84,"column":9},"end":{"line":84,"column":9}}]},"11":{"line":90,"type":"if","locations":[{"start":{"line":90,"column":15},"end":{"line":90,"column":15}},{"start":{"line":90,"column":15},"end":{"line":90,"column":15}}]},"12":{"line":95,"type":"if","locations":[{"start":{"line":95,"column":12},"end":{"line":95,"column":12}},{"start":{"line":95,"column":12},"end":{"line":95,"column":12}}]},"13":{"line":104,"type":"if","locations":[{"start":{"line":104,"column":17},"end":{"line":104,"column":17}},{"start":{"line":104,"column":17},"end":{"line":104,"column":17}}]},"14":{"line":112,"type":"if","locations":[{"start":{"line":112,"column":9},"end":{"line":112,"column":9}},{"start":{"line":112,"column":9},"end":{"line":112,"column":9}}]},"15":{"line":58,"type":"if","locations":[{"start":{"line":58,"column":11},"end":{"line":58,"column":11}},{"start":{"line":58,"column":11},"end":{"line":58,"column":11}}]},"16":{"line":70,"type":"if","locations":[{"start":{"line":70,"column":9},"end":{"line":70,"column":9}},{"start":{"line":70,"column":9},"end":{"line":70,"column":9}}]}}},
"/home/andela/Documents/inverted-index-api/src/app.js":{"path":"/home/andela/Documents/inverted-index-api/src/app.js","s":{"1":0,"3":0,"5":0,"7":0,"9":0,"13":0,"14":0,"15":0,"16":0,"17":0,"18":0,"19":0,"20":0,"21":0,"22":0,"23":0,"24":0},"f":{"2":0},"l":{"1":0,"2":0,"3":0,"4":0,"5":0,"9":0,"10":0,"11":0,"12":0,"13":0,"14":0,"15":0,"17":0,"18":0,"19":0,"20":0,"22":0},"b":{"3":[0,0]},"statementMap":{"1":{"start":{"line":1,"column":0},"end":{"line":null,"column":null}},"3":{"start":{"line":2,"column":0},"end":{"line":null,"column":null}},"5":{"start":{"line":3,"column":0},"end":{"line":null,"column":null}},"7":{"start":{"line":4,"column":0},"end":{"line":null,"column":null}},"9":{"start":{"line":5,"column":0},"end":{"line":null,"column":null}},"13":{"start":{"line":9,"column":0},"end":{"line":null,"column":null}},"14":{"start":{"line":10,"column":0},"end":{"line":null,"column":null}},"15":{"start":{"line":11,"column":0},"end":{"line":null,"column":null}},"16":{"start":{"line":12,"column":0},"end":{"line":null,"column":null}},"17":{"start":{"line":13,"column":0},"end":{"line":null,"column":null}},"18":{"start":{"line":14,"column":0},"end":{"line":null,"column":null}},"19":{"start":{"line":15,"column":0},"end":{"line":null,"column":null}},"20":{"start":{"line":17,"column":0},"end":{"line":null,"column":null}},"21":{"start":{"line":18,"column":0},"end":{"line":null,"column":null}},"22":{"start":{"line":19,"column":6},"end":{"line":null,"column":null}},"23":{"start":{"line":20,"column":12},"end":{"line":null,"column":null}},"24":{"start":{"line":22,"column":12},"end":{"line":null,"column":null}}},"fnMap":{"2":{"name":"(anonymous_2)","line":18,"loc":{"start":{"line":18,"column":17},"end":{"line":18,"column":26}}}},"branchMap":{"3":{"line":19,"type":"if","locations":[{"start":{"line":19,"column":6},"end":{"line":19,"column":6}},{"start":{"line":19,"column":6},"end":{"line":19,"column":6}}]}}},
"/home/andela/Documents/inverted-index-api/src/routes.js":{"path":"/home/andela/Documents/inverted-index-api/src/routes.js","s":{"2":0,"4":0,"8":0,"9":0,"10":0,"11":0,"12":0,"13":0,"14":0},"f":{"2":0,"3":0},"l":{"1":0,"2":0,"4":0,"5":0,"6":0,"7":0,"9":0,"10":0,"12":0},"b":{},"statementMap":{"2":{"start":{"line":1,"column":0},"end":{"line":null,"column":null}},"4":{"start":{"line":2,"column":0},"end":{"line":null,"column":null}},"8":{"start":{"line":4,"column":0},"end":{"line":null,"column":null}},"9":{"start":{"line":5,"column":0},"end":{"line":null,"column":null}},"10":{"start":{"line":6,"column":0},"end":{"line":null,"column":null}},"11":{"start":{"line":7,"column":6},"end":{"line":null,"column":null}},"12":{"start":{"line":9,"column":0},"end":{"line":null,"column":null}},"13":{"start":{"line":10,"column":6},"end":{"line":null,"column":null}},"14":{"start":{"line":12,"column":15},"end":{"line":null,"column":null}}},"fnMap":{"2":{"name":"(anonymous_2)","line":6,"loc":{"start":{"line":6,"column":25},"end":{"line":6,"column":39}}},"3":{"name":"(anonymous_3)","line":9,"loc":{"start":{"line":9,"column":25},"end":{"line":9,"column":39}}}},"branchMap":{}}}
