{
"/home/andela/Documents/inverted-index-api/src/InvertedIndex.js":{"path":"/home/andela/Documents/inverted-index-api/src/InvertedIndex.js","s":{"20":1,"21":1,"23":5,"24":5,"27":2,"28":2,"29":1,"30":2,"31":2,"32":2,"33":11,"34":2,"35":2,"36":2,"37":9,"38":0,"39":1,"40":2,"41":2,"42":3,"43":3,"44":3,"45":4,"46":0,"47":2,"48":3,"49":3,"50":0,"51":0,"52":0,"53":0,"54":0,"55":0,"56":0,"57":0,"58":0,"59":0,"60":0,"61":0,"62":0,"63":0,"64":0,"65":0,"66":0,"67":0,"68":0,"69":0,"70":0,"71":0,"72":0,"73":0,"74":0,"75":0,"76":0,"78":1},"f":{"6":5,"7":2,"8":2,"9":11,"10":2,"11":3,"12":4,"13":3,"14":0,"15":0,"16":0},"l":{"4":1,"9":1,"10":5,"11":5,"20":2,"21":2,"23":1,"24":2,"25":2,"26":2,"27":11,"28":2,"29":2,"30":2,"33":9,"38":0,"40":1,"48":2,"49":2,"58":3,"59":3,"60":4,"62":0,"64":2,"72":3,"73":3,"74":0,"83":0,"84":0,"85":0,"86":0,"87":0,"88":0,"89":0,"90":0,"91":0,"92":0,"93":0,"97":0,"98":0,"99":0,"100":0,"101":0,"102":0,"103":0,"104":0,"105":0,"106":0,"113":0,"114":0,"115":0,"118":0},"b":{"6":[1,0],"7":[2,2],"8":[2,9],"9":[2,0],"10":[0,2],"11":[4,4],"12":[0,3],"13":[0,0],"14":[0,0],"15":[0,0],"16":[0,0],"17":[0,0]},"statementMap":{"20":{"start":{"line":4,"column":22},"end":{"line":null,"column":null}},"21":{"start":{"line":9,"column":17},"end":{"line":null,"column":null}},"23":{"start":{"line":10,"column":10},"end":{"line":null,"column":null}},"24":{"start":{"line":11,"column":10},"end":{"line":null,"column":null}},"27":{"start":{"line":20,"column":11},"end":{"line":null,"column":null}},"28":{"start":{"line":21,"column":9},"end":{"line":null,"column":null}},"29":{"start":{"line":23,"column":19},"end":{"line":null,"column":null}},"30":{"start":{"line":24,"column":15},"end":{"line":null,"column":null}},"31":{"start":{"line":25,"column":15},"end":{"line":null,"column":null}},"32":{"start":{"line":26,"column":19},"end":{"line":null,"column":null}},"33":{"start":{"line":27,"column":15},"end":{"line":null,"column":null}},"34":{"start":{"line":28,"column":19},"end":{"line":null,"column":null}},"35":{"start":{"line":29,"column":17},"end":{"line":null,"column":null}},"36":{"start":{"line":30,"column":23},"end":{"line":null,"column":null}},"37":{"start":{"line":33,"column":21},"end":{"line":null,"column":null}},"38":{"start":{"line":38,"column":14},"end":{"line":null,"column":null}},"39":{"start":{"line":40,"column":12},"end":{"line":null,"column":null}},"40":{"start":{"line":48,"column":10},"end":{"line":null,"column":null}},"41":{"start":{"line":49,"column":12},"end":{"line":47,"column":18}},"42":{"start":{"line":58,"column":10},"end":{"line":null,"column":null}},"43":{"start":{"line":59,"column":9},"end":{"line":null,"column":null}},"44":{"start":{"line":60,"column":9},"end":{"line":null,"column":null}},"45":{"start":{"line":60,"column":42},"end":{"line":null,"column":null}},"46":{"start":{"line":62,"column":16},"end":{"line":null,"column":null}},"47":{"start":{"line":64,"column":12},"end":{"line":null,"column":null}},"48":{"start":{"line":72,"column":10},"end":{"line":null,"column":null}},"49":{"start":{"line":73,"column":9},"end":{"line":null,"column":null}},"50":{"start":{"line":74,"column":14},"end":{"line":null,"column":null}},"51":{"start":{"line":84,"column":11},"end":{"line":null,"column":null}},"52":{"start":{"line":85,"column":9},"end":{"line":null,"column":null}},"53":{"start":{"line":83,"column":31},"end":{"line":null,"column":null}},"54":{"start":{"line":83,"column":38},"end":{"line":null,"column":null}},"55":{"start":{"line":86,"column":9},"end":{"line":null,"column":null}},"56":{"start":{"line":87,"column":11},"end":{"line":86,"column":29}},"57":{"start":{"line":88,"column":20},"end":{"line":86,"column":29}},"58":{"start":{"line":89,"column":13},"end":{"line":null,"column":null}},"59":{"start":{"line":90,"column":18},"end":{"line":null,"column":null}},"60":{"start":{"line":91,"column":14},"end":{"line":null,"column":null}},"61":{"start":{"line":92,"column":15},"end":{"line":null,"column":null}},"62":{"start":{"line":93,"column":23},"end":{"line":92,"column":47}},"63":{"start":{"line":97,"column":12},"end":{"line":null,"column":null}},"64":{"start":{"line":98,"column":17},"end":{"line":null,"column":null}},"65":{"start":{"line":99,"column":13},"end":{"line":null,"column":null}},"66":{"start":{"line":100,"column":12},"end":{"line":null,"column":null}},"67":{"start":{"line":101,"column":13},"end":{"line":null,"column":null}},"68":{"start":{"line":102,"column":22},"end":{"line":null,"column":null}},"69":{"start":{"line":103,"column":14},"end":{"line":null,"column":null}},"70":{"start":{"line":104,"column":16},"end":{"line":null,"column":null}},"71":{"start":{"line":105,"column":17},"end":{"line":null,"column":null}},"72":{"start":{"line":106,"column":25},"end":{"line":null,"column":null}},"73":{"start":{"line":113,"column":9},"end":{"line":null,"column":null}},"74":{"start":{"line":114,"column":17},"end":{"line":null,"column":null}},"75":{"start":{"line":115,"column":17},"end":{"line":null,"column":null}},"76":{"start":{"line":118,"column":14},"end":{"line":null,"column":null}},"78":{"start":{"line":4,"column":22},"end":{"line":null,"column":null}}},"fnMap":{"6":{"name":"InvertedIndex","line":9,"loc":{"start":{"line":9,"column":17},"end":{"line":9,"column":17}}},"7":{"name":"createIndex","line":19,"loc":{"start":{"line":19,"column":15},"end":{"line":19,"column":38}}},"8":{"name":"(anonymous_8)","line":23,"loc":{"start":{"line":23,"column":27},"end":{"line":23,"column":47}}},"9":{"name":"(anonymous_9)","line":26,"loc":{"start":{"line":26,"column":27},"end":{"line":26,"column":38}}},"10":{"name":"getToken","line":47,"loc":{"start":{"line":47,"column":12},"end":{"line":47,"column":18}}},"11":{"name":"invalidFile","line":57,"loc":{"start":{"line":57,"column":15},"end":{"line":57,"column":28}}},"12":{"name":"(anonymous_12)","line":60,"loc":{"start":{"line":60,"column":26},"end":{"line":null,"column":null}}},"13":{"name":"emptyArray","line":71,"loc":{"start":{"line":71,"column":14},"end":{"line":71,"column":27}}},"14":{"name":"searchIndex","line":83,"loc":{"start":{"line":83,"column":15},"end":{"line":83,"column":38}}},"15":{"name":"(anonymous_15)","line":90,"loc":{"start":{"line":90,"column":26},"end":{"line":90,"column":39}}},"16":{"name":"(anonymous_16)","line":114,"loc":{"start":{"line":114,"column":25},"end":{"line":114,"column":35}}}},"branchMap":{"6":{"line":21,"type":"if","locations":[{"start":{"line":21,"column":9},"end":{"line":21,"column":9}},{"start":{"line":21,"column":9},"end":{"line":21,"column":9}}]},"7":{"line":21,"type":"binary-expr","locations":[{"start":{"line":21,"column":9},"end":{"line":21,"column":9}},{"start":{"line":22,"column":4},"end":{"line":21,"column":5}}]},"8":{"line":27,"type":"if","locations":[{"start":{"line":27,"column":15},"end":{"line":27,"column":15}},{"start":{"line":27,"column":15},"end":{"line":27,"column":15}}]},"9":{"line":29,"type":"if","locations":[{"start":{"line":29,"column":17},"end":{"line":29,"column":17}},{"start":{"line":29,"column":17},"end":{"line":29,"column":17}}]},"10":{"line":60,"type":"if","locations":[{"start":{"line":60,"column":9},"end":{"line":60,"column":9}},{"start":{"line":60,"column":9},"end":{"line":60,"column":9}}]},"11":{"line":60,"type":"binary-expr","locations":[{"start":{"line":60,"column":42},"end":{"line":60,"column":42}},{"start":{"line":61,"column":8},"end":{"line":60,"column":26}}]},"12":{"line":73,"type":"if","locations":[{"start":{"line":73,"column":9},"end":{"line":73,"column":9}},{"start":{"line":73,"column":9},"end":{"line":73,"column":9}}]},"13":{"line":86,"type":"if","locations":[{"start":{"line":86,"column":9},"end":{"line":86,"column":9}},{"start":{"line":86,"column":9},"end":{"line":86,"column":9}}]},"14":{"line":92,"type":"if","locations":[{"start":{"line":92,"column":15},"end":{"line":92,"column":15}},{"start":{"line":92,"column":15},"end":{"line":92,"column":15}}]},"15":{"line":97,"type":"if","locations":[{"start":{"line":97,"column":12},"end":{"line":97,"column":12}},{"start":{"line":97,"column":12},"end":{"line":97,"column":12}}]},"16":{"line":105,"type":"if","locations":[{"start":{"line":105,"column":17},"end":{"line":105,"column":17}},{"start":{"line":105,"column":17},"end":{"line":105,"column":17}}]},"17":{"line":113,"type":"if","locations":[{"start":{"line":113,"column":9},"end":{"line":113,"column":9}},{"start":{"line":113,"column":9},"end":{"line":113,"column":9}}]}}},
"/home/andela/Documents/inverted-index-api/src/app.js":{"path":"/home/andela/Documents/inverted-index-api/src/app.js","s":{"1":0,"3":0,"5":0,"7":0,"9":0,"13":0,"14":0,"15":0,"16":0,"17":0,"18":0,"19":0,"20":0,"21":0,"22":0,"23":0},"f":{"2":0},"l":{"1":0,"2":0,"3":0,"4":0,"5":0,"10":0,"11":0,"12":0,"13":0,"14":0,"15":0,"17":0,"18":0,"19":0,"20":0,"22":0},"b":{"3":[0,0]},"statementMap":{"1":{"start":{"line":1,"column":0},"end":{"line":null,"column":null}},"3":{"start":{"line":2,"column":0},"end":{"line":null,"column":null}},"5":{"start":{"line":3,"column":0},"end":{"line":null,"column":null}},"7":{"start":{"line":4,"column":0},"end":{"line":null,"column":null}},"9":{"start":{"line":5,"column":0},"end":{"line":null,"column":null}},"13":{"start":{"line":10,"column":0},"end":{"line":null,"column":null}},"14":{"start":{"line":11,"column":0},"end":{"line":null,"column":null}},"15":{"start":{"line":12,"column":0},"end":{"line":null,"column":null}},"16":{"start":{"line":13,"column":0},"end":{"line":null,"column":null}},"17":{"start":{"line":14,"column":0},"end":{"line":null,"column":null}},"18":{"start":{"line":15,"column":0},"end":{"line":null,"column":null}},"19":{"start":{"line":17,"column":0},"end":{"line":null,"column":null}},"20":{"start":{"line":18,"column":0},"end":{"line":null,"column":null}},"21":{"start":{"line":19,"column":6},"end":{"line":null,"column":null}},"22":{"start":{"line":20,"column":12},"end":{"line":null,"column":null}},"23":{"start":{"line":22,"column":12},"end":{"line":null,"column":null}}},"fnMap":{"2":{"name":"(anonymous_2)","line":18,"loc":{"start":{"line":18,"column":17},"end":{"line":18,"column":26}}}},"branchMap":{"3":{"line":19,"type":"if","locations":[{"start":{"line":19,"column":6},"end":{"line":19,"column":6}},{"start":{"line":19,"column":6},"end":{"line":19,"column":6}}]}}}}
