TN:
SF:/home/andela/Documents/inverted-index-api/src/InvertedIndex.js
FN:9,InvertedIndex
FN:19,createIndex
FN:23,(anonymous_8)
FN:26,(anonymous_9)
FN:47,getToken
FN:57,invalidFile
FN:60,(anonymous_12)
FN:71,emptyArray
FN:83,searchIndex
FN:90,(anonymous_15)
FN:114,(anonymous_16)
FNF:11
FNH:8
FNDA:5,InvertedIndex
FNDA:2,createIndex
FNDA:2,(anonymous_8)
FNDA:11,(anonymous_9)
FNDA:2,getToken
FNDA:3,invalidFile
FNDA:4,(anonymous_12)
FNDA:3,emptyArray
FNDA:0,searchIndex
FNDA:0,(anonymous_15)
FNDA:0,(anonymous_16)
DA:4,1
DA:9,1
DA:10,5
DA:11,5
DA:20,2
DA:21,2
DA:23,1
DA:24,2
DA:25,2
DA:26,2
DA:27,11
DA:28,2
DA:29,2
DA:30,2
DA:33,9
DA:38,0
DA:40,1
DA:48,2
DA:49,2
DA:58,3
DA:59,3
DA:60,4
DA:62,0
DA:64,2
DA:72,3
DA:73,3
DA:74,0
DA:83,0
DA:84,0
DA:85,0
DA:86,0
DA:87,0
DA:88,0
DA:89,0
DA:90,0
DA:91,0
DA:92,0
DA:93,0
DA:97,0
DA:98,0
DA:99,0
DA:100,0
DA:101,0
DA:102,0
DA:103,0
DA:104,0
DA:105,0
DA:106,0
DA:113,0
DA:114,0
DA:115,0
DA:118,0
LF:52
LH:24
BRDA:21,6,0,1
BRDA:21,6,1,0
BRDA:21,7,0,2
BRDA:21,7,1,2
BRDA:27,8,0,2
BRDA:27,8,1,9
BRDA:29,9,0,2
BRDA:29,9,1,0
BRDA:60,10,0,0
BRDA:60,10,1,2
BRDA:60,11,0,4
BRDA:60,11,1,4
BRDA:73,12,0,0
BRDA:73,12,1,3
BRDA:86,13,0,0
BRDA:86,13,1,0
BRDA:92,14,0,0
BRDA:92,14,1,0
BRDA:97,15,0,0
BRDA:97,15,1,0
BRDA:105,16,0,0
BRDA:105,16,1,0
BRDA:113,17,0,0
BRDA:113,17,1,0
BRF:24
BRH:10
end_of_record
TN:
SF:/home/andela/Documents/inverted-index-api/src/app.js
FN:18,(anonymous_2)
FNF:1
FNH:0
FNDA:0,(anonymous_2)
DA:1,0
DA:2,0
DA:3,0
DA:4,0
DA:5,0
DA:10,0
DA:11,0
DA:12,0
DA:13,0
DA:14,0
DA:15,0
DA:17,0
DA:18,0
DA:19,0
DA:20,0
DA:22,0
LF:16
LH:0
BRDA:19,3,0,0
BRDA:19,3,1,0
BRF:2
BRH:0
end_of_record
