TN:
SF:/home/andela/Documents/inverted-index-api/src/InvertedIndex.js
FN:9,InvertedIndex
FN:18,createIndex
FN:22,(anonymous_8)
FN:25,(anonymous_9)
FN:81,searchIndex
FN:88,(anonymous_11)
FN:113,(anonymous_12)
FN:46,getToken
FN:55,invalidFile
FN:57,(anonymous_15)
FN:69,emptyArray
FNF:11
FNH:8
FNDA:1,InvertedIndex
FNDA:1,createIndex
FNDA:1,(anonymous_8)
FNDA:2,(anonymous_9)
FNDA:0,searchIndex
FNDA:0,(anonymous_11)
FNDA:0,(anonymous_12)
FNDA:1,getToken
FNDA:1,invalidFile
FNDA:1,(anonymous_15)
FNDA:1,emptyArray
DA:4,1
DA:9,1
DA:10,1
DA:19,1
DA:20,1
DA:22,1
DA:23,1
DA:24,1
DA:25,1
DA:26,2
DA:27,1
DA:28,1
DA:29,0
DA:32,1
DA:37,0
DA:39,1
DA:47,1
DA:56,1
DA:57,1
DA:58,1
DA:59,0
DA:62,1
DA:70,1
DA:71,0
DA:73,1
DA:81,0
DA:82,0
DA:83,0
DA:84,0
DA:85,0
DA:86,0
DA:87,0
DA:88,0
DA:89,0
DA:90,0
DA:91,0
DA:95,0
DA:96,0
DA:97,0
DA:98,0
DA:99,0
DA:100,0
DA:101,0
DA:102,0
DA:104,0
DA:105,0
DA:112,0
DA:113,0
DA:114,0
DA:117,0
DA:122,1
LF:51
LH:22
BRDA:20,6,0,1
BRDA:20,6,1,0
BRDA:20,7,0,1
BRDA:20,7,1,1
BRDA:26,8,0,1
BRDA:26,8,1,1
BRDA:28,9,0,0
BRDA:28,9,1,1
BRDA:84,10,0,0
BRDA:84,10,1,0
BRDA:90,11,0,0
BRDA:90,11,1,0
BRDA:95,12,0,0
BRDA:95,12,1,0
BRDA:104,13,0,0
BRDA:104,13,1,0
BRDA:112,14,0,0
BRDA:112,14,1,0
BRDA:58,15,0,0
BRDA:58,15,1,1
BRDA:70,16,0,0
BRDA:70,16,1,1
BRF:22
BRH:8
end_of_record
TN:
SF:/home/andela/Documents/inverted-index-api/src/app.js
FN:18,(anonymous_2)
FNF:1
FNH:0
FNDA:0,(anonymous_2)
DA:1,0
DA:2,0
DA:3,0
DA:4,0
DA:5,0
DA:9,0
DA:10,0
DA:11,0
DA:12,0
DA:13,0
DA:14,0
DA:15,0
DA:17,0
DA:18,0
DA:19,0
DA:20,0
DA:22,0
LF:17
LH:0
BRDA:19,3,0,0
BRDA:19,3,1,0
BRF:2
BRH:0
end_of_record
TN:
SF:/home/andela/Documents/inverted-index-api/src/routes.js
FN:6,(anonymous_2)
FN:9,(anonymous_3)
FNF:2
FNH:0
FNDA:0,(anonymous_2)
FNDA:0,(anonymous_3)
DA:1,0
DA:2,0
DA:4,0
DA:5,0
DA:6,0
DA:7,0
DA:9,0
DA:10,0
DA:12,0
LF:9
LH:0
BRF:0
BRH:0
end_of_record
